<?xml version="1.0" encoding="UTF-8"?>
<testng-results ignored="0" total="2" passed="2" failed="0" skipped="0">
  <reporter-output>
  </reporter-output>
  <suite started-at="2020-01-13T09:07:22 AEDT" name="Default suite" finished-at="2020-01-13T09:07:33 AEDT" duration-ms="10733">
    <groups>
    </groups>
    <test started-at="2020-01-13T09:07:22 AEDT" name="Default test" finished-at="2020-01-13T09:07:33 AEDT" duration-ms="10733">
      <class name="com.mycompany.app.HomePage">
        <test-method is-config="true" signature="baseNavigation()[pri:0, instance:com.mycompany.app.HomePage@131774fe]" started-at="2020-01-13T09:07:22 AEDT" name="baseNavigation" finished-at="2020-01-13T09:07:29 AEDT" duration-ms="6867" status="PASS">
          <reporter-output>
          </reporter-output>
        </test-method> <!-- baseNavigation -->
        <test-method signature="landingPageTest()[pri:0, instance:com.mycompany.app.HomePage@131774fe]" started-at="2020-01-13T09:07:29 AEDT" name="landingPageTest" finished-at="2020-01-13T09:07:30 AEDT" duration-ms="958" status="PASS">
          <reporter-output>
          </reporter-output>
        </test-method> <!-- landingPageTest -->
        <test-method signature="toDoPageTest()[pri:2, instance:com.mycompany.app.HomePage@131774fe]" started-at="2020-01-13T09:07:30 AEDT" name="toDoPageTest" finished-at="2020-01-13T09:07:32 AEDT" duration-ms="2234" status="PASS">
          <reporter-output>
          </reporter-output>
        </test-method> <!-- toDoPageTest -->
        <test-method is-config="true" signature="quitBrowser()[pri:0, instance:com.mycompany.app.HomePage@131774fe]" started-at="2020-01-13T09:07:32 AEDT" name="quitBrowser" finished-at="2020-01-13T09:07:33 AEDT" duration-ms="626" status="PASS">
          <reporter-output>
          </reporter-output>
        </test-method> <!-- quitBrowser -->
      </class> <!-- com.mycompany.app.HomePage -->
    </test> <!-- Default test -->
  </suite> <!-- Default suite -->
</testng-results>
