<?xml version="1.0" encoding="UTF-8"?>
<testng-results ignored="0" total="2" passed="2" failed="0" skipped="0">
  <reporter-output>
  </reporter-output>
  <suite started-at="2020-01-01T19:40:12 AEDT" name="Default suite" finished-at="2020-01-01T19:40:25 AEDT" duration-ms="12623">
    <groups>
    </groups>
    <test started-at="2020-01-01T19:40:12 AEDT" name="Default test" finished-at="2020-01-01T19:40:25 AEDT" duration-ms="12623">
      <class name="com.mycompany.app.HomePage">
        <test-method is-config="true" signature="baseNavigation()[pri:0, instance:com.mycompany.app.HomePage@436813f3]" started-at="2020-01-01T19:40:12 AEDT" name="baseNavigation" finished-at="2020-01-01T19:40:20 AEDT" duration-ms="8353" status="PASS">
          <reporter-output>
          </reporter-output>
        </test-method> <!-- baseNavigation -->
        <test-method signature="landingPageTest()[pri:0, instance:com.mycompany.app.HomePage@436813f3]" started-at="2020-01-01T19:40:21 AEDT" name="landingPageTest" finished-at="2020-01-01T19:40:22 AEDT" duration-ms="1435" status="PASS">
          <reporter-output>
          </reporter-output>
        </test-method> <!-- landingPageTest -->
        <test-method signature="toDoPageTest()[pri:2, instance:com.mycompany.app.HomePage@436813f3]" started-at="2020-01-01T19:40:22 AEDT" name="toDoPageTest" finished-at="2020-01-01T19:40:24 AEDT" duration-ms="2091" status="PASS">
          <reporter-output>
          </reporter-output>
        </test-method> <!-- toDoPageTest -->
        <test-method is-config="true" signature="quitBrowser()[pri:0, instance:com.mycompany.app.HomePage@436813f3]" started-at="2020-01-01T19:40:24 AEDT" name="quitBrowser" finished-at="2020-01-01T19:40:25 AEDT" duration-ms="684" status="PASS">
          <reporter-output>
          </reporter-output>
        </test-method> <!-- quitBrowser -->
      </class> <!-- com.mycompany.app.HomePage -->
    </test> <!-- Default test -->
  </suite> <!-- Default suite -->
</testng-results>
